UUID        = pppppppp-hhhh-yyyy-ssss-ioioioioioio
ScanDate    = 20180101_120001
LogVersion  = EJA_1
LogDataType = RESP
SampleTime  = 8

ACQ_TIME_TICS  CHANNEL  VALUE  SIGNAL

     21747857     RESP     26 
     21747865     RESP     38 
     21747873     RESP     41 
     21747881     RESP     45 
     21747889     RESP     53 
     21747896     RESP     60 
     21747904     RESP     75 
     21747912     RESP     94 
     21747920     RESP    109 
     21747928     RESP    124 
     21747936     RESP    128 
     21747944     RESP    131 
     21747952     RESP    135 
     21747960     RESP    139 
     21747968     RESP    146 
     21747976     RESP    161 
     21747984     RESP    188 
     21747992     RESP    203 
     21748000     RESP    221 
     21748008     RESP    229 
     21748016     RESP    244 
     21748024     RESP    251 
     21748032     RESP    236 
     21748040     RESP    188 
     21748048     RESP    146 
     21748056     RESP    116 
     21748064     RESP    105 
     21748072     RESP    109 
     21748080     RESP    128 
     21748088     RESP    150 
     21748096     RESP    176 
     21748104     RESP    199 
     21748112     RESP    218 
     21748120     RESP    236 
     21748128     RESP    266 
     21748136     RESP    293 
     21748144     RESP    311 
     21748152     RESP    323 
     21748160     RESP    334 
     21748168     RESP    349 
     21748176     RESP    371 
     21748184     RESP    394 
     21748192     RESP    416 
     21748200     RESP    439 
     21748208     RESP    461 
     21748216     RESP    488 
     21748224     RESP    525 
     21748232     RESP    585 
     21748240     RESP    653 
     21748248     RESP    705 
     21748256     RESP    746 
     21748264     RESP    784 
     21748272     RESP    814 
     21748280     RESP    844 
     21748288     RESP    874 
     21748296     RESP    900 
     21748304     RESP    919 
     21748312     RESP    945 
     21748320     RESP    956 
     21748328     RESP    971 
     21748336     RESP    986 
     21748344     RESP    994 
     21748352     RESP   1009 
     21748360     RESP   1016 
     21748368     RESP   1031 
     21748376     RESP   1046 
     21748384     RESP   1058 
     21748392     RESP   1076 
     21748400     RESP   1103 
     21748408     RESP   1118 
     21748416     RESP   1129 
     21748424     RESP   1140 
     21748432     RESP   1140 
     21748440     RESP   1136 
     21748448     RESP   1103 
     21748456     RESP   1054 
     21748464     RESP   1016 
     21748472     RESP   1001 
     21748480     RESP   1009 
     21748488     RESP   1031 
     21748496     RESP   1069 
     21748504     RESP   1091 
     21748512     RESP   1110 
     21748520     RESP   1129 
     21748528     RESP   1136 
     21748536     RESP   1151  PULS_TRIGGER
     21748544     RESP   1170 
     21748552     RESP   1193 
     21748560     RESP   1196 
     21748568     RESP   1185 
     21748576     RESP   1174 
     21748584     RESP   1163 
     21748592     RESP   1163 
     21748600     RESP   1166 
     21748608     RESP   1174 
     21748616     RESP   1178 
     21748624     RESP   1185 
     21748632     RESP   1181 
     21748640     RESP   1174 
     21748648     RESP   1170 
     21748656     RESP   1163 
     21748664     RESP   1163 
     21748672     RESP   1159 
     21748680     RESP   1159 
     21748688     RESP   1163 
     21748696     RESP   1163 
     21748704     RESP   1166 
     21748712     RESP   1174 
     21748720     RESP   1181 
     21748728     RESP   1181 
     21748736     RESP   1178 
     21748744     RESP   1178 
     21748752     RESP   1181 
     21748760     RESP   1193 
     21748768     RESP   1204 
     21748776     RESP   1211 
     21748784     RESP   1226 
     21748792     RESP   1238 
     21748800     RESP   1245 
     21748808     RESP   1245 
     21748816     RESP   1219 
     21748824     RESP   1178 
     21748832     RESP   1136 
     21748840     RESP   1106 
     21748848     RESP   1091 
     21748856     RESP   1091 
     21748864     RESP   1103 
     21748872     RESP   1118 
     21748880     RESP   1129 
     21748888     RESP   1136 
     21748896     RESP   1144 
     21748904     RESP   1144  PULS_TRIGGER
     21748912     RESP   1148 
     21748920     RESP   1163 
     21748928     RESP   1181 
     21748936     RESP   1196 
     21748944     RESP   1215 
     21748952     RESP   1234 
     21748960     RESP   1245 
     21748968     RESP   1260 
     21748976     RESP   1271 
     21748984     RESP   1286 
     21748992     RESP   1298 
     21749000     RESP   1313 
     21749008     RESP   1320 
     21749016     RESP   1331 
     21749024     RESP   1339 
     21749032     RESP   1346 
     21749040     RESP   1354 
     21749048     RESP   1361 
     21749056     RESP   1376 
     21749064     RESP   1388 
     21749072     RESP   1403 
     21749080     RESP   1418 
     21749088     RESP   1425 
     21749096     RESP   1433 
     21749104     RESP   1444 
     21749112     RESP   1455 
     21749120     RESP   1470 
     21749128     RESP   1481 
     21749136     RESP   1496 
     21749144     RESP   1504 
     21749152     RESP   1519 
     21749160     RESP   1538 
     21749168     RESP   1545 
     21749176     RESP   1560 
     21749184     RESP   1564 
     21749192     RESP   1556 
     21749200     RESP   1534 
     21749208     RESP   1504 
     21749216     RESP   1485 
     21749224     RESP   1478 
     21749232     RESP   1485 
     21749240     RESP   1508 
     21749248     RESP   1538 
     21749256     RESP   1571 
     21749264     RESP   1605 
     21749272     RESP   1643 
     21749280     RESP   1676 
     21749288     RESP   1710 
     21749296     RESP   1751 
     21749304     RESP   1793 
     21749312     RESP   1849 
     21749320     RESP   1920 
     21749328     RESP   1991 
     21749336     RESP   2057 
     21749344     RESP   2099 
     21749352     RESP   2140 
     21749360     RESP   2183 
     21749368     RESP   2225 
     21749376     RESP   2268 
     21749384     RESP   2311 
     21749392     RESP   2347 
     21749400     RESP   2378 
     21749408     RESP   2419 
     21749416     RESP   2462 
     21749424     RESP   2507 
     21749432     RESP   2552 
     21749440     RESP   2597 
     21749448     RESP   2642 
     21749456     RESP   2682 
     21749464     RESP   2729 
     21749472     RESP   2772 
     21749480     RESP   2815 
     21749488     RESP   2858 
     21749496     RESP   2891 
     21749504     RESP   2921 
     21749512     RESP   2952 
     21749520     RESP   2988 
     21749528     RESP   3033 
     21749536     RESP   3078 
     21749544     RESP   3114 
     21749552     RESP   3137 
     21749560     RESP   3157 
     21749568     RESP   3179 
     21749576     RESP   3197 
     21749584     RESP   3200 
     21749592     RESP   3195 
     21749600     RESP   3204 
     21749608     RESP   3229 
     21749616     RESP   3263 
     21749624     RESP   3305 
     21749632     RESP   3348 
     21749640     RESP   3395 
     21749648     RESP   3438 
     21749656     RESP   3472 
     21749664     RESP   3499 
     21749672     RESP   3528 
     21749680     RESP   3560 
     21749688     RESP   3584 
     21749696     RESP   3605 
     21749704     RESP   3620 
     21749712     RESP   3632 
     21749720     RESP   3643 
     21749728     RESP   3661 
     21749736     RESP   3679 
     21749744     RESP   3697 
     21749752     RESP   3713 
     21749760     RESP   3728 
     21749768     RESP   3740 
     21749776     RESP   3746 
     21749784     RESP   3744 
     21749792     RESP   3740 
     21749800     RESP   3731 
     21749808     RESP   3726 
     21749816     RESP   3719 
     21749824     RESP   3715 
     21749832     RESP   3704 
     21749840     RESP   3695 
     21749848     RESP   3679 
     21749856     RESP   3652 
     21749864     RESP   3618 
     21749872     RESP   3587 
     21749880     RESP   3546 
     21749888     RESP   3508 
     21749896     RESP   3472 
     21749904     RESP   3418 
     21749912     RESP   3350 
     21749920     RESP   3281 
     21749928     RESP   3222 
     21749936     RESP   3164 
     21749944     RESP   3101 
     21749952     RESP   3033 
     21749960     RESP   2966 
     21749968     RESP   2909 
     21749976     RESP   2860 
     21749984     RESP   2822 
     21749992     RESP   2799 
     21750000     RESP   2777 
     21750008     RESP   2745 
     21750016     RESP   2707 
     21750024     RESP   2671 
     21750032     RESP   2637  PULS_TRIGGER
     21750040     RESP   2606 
     21750048     RESP   2570 
     21750056     RESP   2522 
     21750064     RESP   2475 
     21750072     RESP   2428 
     21750080     RESP   2387 
     21750088     RESP   2351 
     21750096     RESP   2322 
     21750104     RESP   2295 
     21750112     RESP   2270 
     21750120     RESP   2248 
     21750128     RESP   2221 
     21750136     RESP   2194 
     21750144     RESP   2169 
     21750152     RESP   2140 
     21750160     RESP   2113 
     21750168     RESP   2077 
     21750176     RESP   2045 
     21750184     RESP   2009 
     21750192     RESP   1976 
     21750200     RESP   1942 
     21750208     RESP   1908 
     21750216     RESP   1879 
     21750224     RESP   1850 
     21750232     RESP   1834 
     21750240     RESP   1820 
     21750248     RESP   1800 
     21750256     RESP   1778 
     21750264     RESP   1753 
     21750272     RESP   1726 
     21750280     RESP   1685 
     21750288     RESP   1631 
     21750296     RESP   1568 
     21750304     RESP   1517 
     21750312     RESP   1478 
     21750320     RESP   1451 
     21750328     RESP   1431 
     21750336     RESP   1422 
     21750344     RESP   1418 
     21750352     RESP   1406 
     21750360     RESP   1397 
     21750368     RESP   1395 
     21750376     RESP   1393  PULS_TRIGGER
     21750384     RESP   1391 
     21750392     RESP   1386 
     21750400     RESP   1379 
     21750408     RESP   1370 
     21750416     RESP   1364 
     21750424     RESP   1361 
     21750432     RESP   1359 
     21750440     RESP   1357 
     21750448     RESP   1355 
     21750456     RESP   1352 
     21750464     RESP   1348 
     21750472     RESP   1343 
     21750480     RESP   1339 
     21750488     RESP   1332 
     21750496     RESP   1328 
     21750504     RESP   1321 
     21750512     RESP   1314 
     21750520     RESP   1310 
     21750528     RESP   1303 
     21750536     RESP   1303 
     21750544     RESP   1301 
     21750552     RESP   1296 
     21750560     RESP   1294 
     21750568     RESP   1294 
     21750576     RESP   1294 
     21750584     RESP   1296 
     21750592     RESP   1298 
     21750600     RESP   1307 
     21750608     RESP   1314 
     21750616     RESP   1319 
     21750624     RESP   1328 
     21750632     RESP   1339 
     21750640     RESP   1348 
     21750648     RESP   1352 
     21750656     RESP   1346 
     21750664     RESP   1330 
     21750672     RESP   1321 
     21750680     RESP   1314 
     21750688     RESP   1314 
     21750696     RESP   1316 
     21750704     RESP   1325 
     21750712     RESP   1337 
     21750720     RESP   1348 
     21750728     RESP   1357 
     21750736     RESP   1366 
     21750744     RESP   1375 
     21750752     RESP   1386 
     21750760     RESP   1395 
     21750768     RESP   1404 
     21750776     RESP   1409 
     21750784     RESP   1413 
     21750792     RESP   1420 
     21750800     RESP   1431 
     21750808     RESP   1438 
     21750816     RESP   1447 
     21750824     RESP   1454 
     21750832     RESP   1463 
     21750840     RESP   1474 
     21750848     RESP   1478 
     21750856     RESP   1485 
     21750864     RESP   1490 
     21750872     RESP   1496 
     21750880     RESP   1503 
     21750888     RESP   1510 
     21750896     RESP   1519 
     21750904     RESP   1526 
     21750912     RESP   1530 
     21750920     RESP   1535 
     21750928     RESP   1535 
     21750936     RESP   1528 
     21750944     RESP   1526 
     21750952     RESP   1526 
     21750960     RESP   1528 
     21750968     RESP   1530 
     21750976     RESP   1532 
     21750984     RESP   1537 
     21750992     RESP   1546 
     21751000     RESP   1550 
     21751008     RESP   1553 
     21751016     RESP   1557 
     21751024     RESP   1568 
     21751032     RESP   1580 
     21751040     RESP   1593 
     21751048     RESP   1611 
     21751056     RESP   1613 
     21751064     RESP   1609 
     21751072     RESP   1593 
     21751080     RESP   1584 
     21751088     RESP   1582 
     21751096     RESP   1582 
     21751104     RESP   1589 
     21751112     RESP   1600 
     21751120     RESP   1609 
     21751128     RESP   1618 
     21751136     RESP   1622 
     21751144     RESP   1627 
     21751152     RESP   1638 
     21751160     RESP   1647 
     21751168     RESP   1656 
     21751176     RESP   1658 
     21751184     RESP   1661 
     21751192     RESP   1663 
     21751200     RESP   1667 
     21751208     RESP   1679 
     21751216     RESP   1688 
     21751224     RESP   1697 
     21751232     RESP   1703 
     21751240     RESP   1710 
     21751248     RESP   1715 
     21751256     RESP   1717 
     21751264     RESP   1721 
     21751272     RESP   1726 
     21751280     RESP   1728 
     21751288     RESP   1730 
     21751296     RESP   1735 
     21751304     RESP   1737 
     21751312     RESP   1739 
     21751320     RESP   1746 
     21751328     RESP   1751 
     21751336     RESP   1757 
     21751344     RESP   1762 
     21751352     RESP   1762 
     21751360     RESP   1766 
     21751368     RESP   1773 
     21751376     RESP   1780 
     21751384     RESP   1782 
     21751392     RESP   1789 
     21751400     RESP   1793 
     21751408     RESP   1796 
     21751416     RESP   1805 
     21751424     RESP   1811 
     21751432     RESP   1825 
     21751440     RESP   1836 
     21751448     RESP   1847 
     21751456     RESP   1856 
     21751464     RESP   1865 
     21751472     RESP   1870 
     21751480     RESP   1863 
     21751488     RESP   1856 
     21751496     RESP   1852 
     21751504     RESP   1856 
     21751512     RESP   1870 
     21751520     RESP   1895 
     21751528     RESP   1924 
     21751536     RESP   1953 
     21751544     RESP   1982 
     21751552     RESP   2016 
     21751560     RESP   2041 
     21751568     RESP   2079 
     21751576     RESP   2131 
     21751584     RESP   2167 
     21751592     RESP   2198 
     21751600     RESP   2232 
     21751608     RESP   2266 
     21751616     RESP   2320 
     21751624     RESP   2360 
     21751632     RESP   2408 
     21751640     RESP   2448 
     21751648     RESP   2498 
     21751656     RESP   2549 
     21751664     RESP   2585 
     21751672     RESP   2628 
     21751680     RESP   2660 
     21751688     RESP   2691 
     21751696     RESP   2729 
     21751704     RESP   2770 
     21751712     RESP   2804 
     21751720     RESP   2840 
     21751728     RESP   2880 
     21751736     RESP   2916 
     21751744     RESP   2966 
     21751752     RESP   3013 
     21751760     RESP   3062 
     21751768     RESP   3103 
     21751776     RESP   3157 
     21751784     RESP   3200 
     21751792     RESP   3251 
     21751800     RESP   3294 
     21751808     RESP   3344 
     21751816     RESP   3377 
     21751824     RESP   3422 
     21751832     RESP   3454 
     21751840     RESP   3515 
     21751848     RESP   3560 
     21751856     RESP   3616 
     21751864     RESP   3627 
     21751872     RESP   3643 
     21751880     RESP   3668 
     21751888     RESP   3677 
     21751896     RESP   3672 
     21751904     RESP   3643 
     21751912     RESP   3638 
     21751920     RESP   3650 
     21751928     RESP   3663 
     21751936     RESP   3686 
     21751944     RESP   3710 
     21751952     RESP   3778 
     21751960     RESP   3789 
     21751968     RESP   3843 
     21751976     RESP   3875 
     21751984     RESP   3911  PULS_TRIGGER
     21751992     RESP   3924 
     21752000     RESP   3942 
     21752008     RESP   3956 
     21752016     RESP   3956 
     21752024     RESP   3960 
     21752032     RESP   3965 
     21752040     RESP   3983 
     21752048     RESP   4001 
     21752056     RESP   4025 
     21752064     RESP   4057 
     21752072     RESP   4091 
     21752080     RESP   4095 
     21752088     RESP   4095 
     21752096     RESP   4095 
     21752104     RESP   4095 
     21752112     RESP   4095 
     21752120     RESP   4095 
     21752128     RESP   4095 
     21752136     RESP   4095 
     21752144     RESP   4095 
     21752152     RESP   4095 
     21752160     RESP   4084 
     21752168     RESP   4061 
     21752176     RESP   4016 
     21752184     RESP   3956 
     21752192     RESP   3875 
     21752200     RESP   3789 
     21752208     RESP   3704 
     21752216     RESP   3625 
     21752224     RESP   3578 
     21752232     RESP   3517 
     21752240     RESP   3485 
     21752248     RESP   3445 
     21752256     RESP   3391 
     21752264     RESP   3308 
     21752272     RESP   3224 
     21752280     RESP   3146 
     21752288     RESP   3049 
     21752296     RESP   2966 
     21752304     RESP   2858 
     21752312     RESP   2768 
     21752320     RESP   2678 
     21752328     RESP   2599 
     21752336     RESP   2554 
     21752344     RESP   2527 
     21752352     RESP   2495 
     21752360     RESP   2471 
     21752368     RESP   2430 
     21752376     RESP   2399 
     21752384     RESP   2369 
     21752392     RESP   2345 
     21752400     RESP   2302 
     21752408     RESP   2257 
     21752416     RESP   2205 
     21752424     RESP   2153 
     21752432     RESP   2120 
     21752440     RESP   2086 
     21752448     RESP   2057 
     21752456     RESP   2025 
     21752464     RESP   2012 
     21752472     RESP   1998 
     21752480     RESP   1958 
     21752488     RESP   1922 
     21752496     RESP   1879 
     21752504     RESP   1852 
     21752512     RESP   1800 
     21752520     RESP   1773 
     21752528     RESP   1730 
     21752536     RESP   1701 
     21752544     RESP   1665 
     21752552     RESP   1643 
     21752560     RESP   1634 
     21752568     RESP   1611 
     21752576     RESP   1600 
     21752584     RESP   1564 
     21752592     RESP   1553 
     21752600     RESP   1528 
     21752608     RESP   1510 
     21752616     RESP   1492 
     21752624     RESP   1467 
     21752632     RESP   1458 
     21752640     RESP   1431 
     21752648     RESP   1424 
     21752656     RESP   1400 
     21752664     RESP   1375 
     21752672     RESP   1323 
     21752680     RESP   1276 
     21752688     RESP   1242 
     21752696     RESP   1217 
     21752704     RESP   1204 
     21752712     RESP   1197 
     21752720     RESP   1202 
     21752728     RESP   1204 
     21752736     RESP   1213 
     21752744     RESP   1208 
     21752752     RESP   1202 
     21752760     RESP   1197  PULS_TRIGGER
     21752768     RESP   1188 
     21752776     RESP   1186 
     21752784     RESP   1168 
     21752792     RESP   1152 
     21752800     RESP   1148 
     21752808     RESP   1148 
     21752816     RESP   1154 
     21752824     RESP   1159 
     21752832     RESP   1157 
     21752840     RESP   1159 
     21752848     RESP   1152 
     21752856     RESP   1168 
     21752864     RESP   1166 
     21752872     RESP   1168 
     21752880     RESP   1159 
     21752888     RESP   1159 
     21752896     RESP   1136 
     21752904     RESP   1163 
     21752912     RESP   1177 
     21752920     RESP   1168 
     21752928     RESP   1181 
     21752936     RESP   1175 
     21752944     RESP   1186 
     21752952     RESP   1188 
     21752960     RESP   1202 
     21752968     RESP   1195 
     21752976     RESP   1193 
     21752984     RESP   1206 
     21752992     RESP   1211 
     21753000     RESP   1211 
     21753008     RESP   1208 
     21753016     RESP   1215 
     21753024     RESP   1229 
     21753032     RESP   1238 
     21753040     RESP   1249 
     21753048     RESP   1253 
     21753056     RESP   1262 
     21753064     RESP   1265 
     21753072     RESP   1262 
     21753080     RESP   1240 
     21753088     RESP   1222 
     21753096     RESP   1193 
     21753104     RESP   1179 
     21753112     RESP   1188 
     21753120     RESP   1190 
     21753128     RESP   1202 
     21753136     RESP   1217 
     21753144     RESP   1233 
     21753152     RESP   1247 
     21753160     RESP   1247 
     21753168     RESP   1267 
     21753176     RESP   1269 
     21753184     RESP   1283 
     21753192     RESP   1287 
     21753200     RESP   1296 
     21753208     RESP   1310 
     21753216     RESP   1310 
     21753224     RESP   1323 
     21753232     RESP   1323 
     21753240     RESP   1341 
     21753248     RESP   1352 
     21753256     RESP   1364 
     21753264     RESP   1368 
     21753272     RESP   1370 
     21753280     RESP   1382 
     21753288     RESP   1384 
     21753296     RESP   1400 
     21753304     RESP   1400 
     21753312     RESP   1404 
     21753320     RESP   1409 
     21753328     RESP   1420 
     21753336     RESP   1429 
     21753344     RESP   1433 
     21753352     RESP   1440 
     21753360     RESP   1442 
     21753368     RESP   1449 
     21753376     RESP   1454 
     21753384     RESP   1463 
     21753392     RESP   1465 
     21753400     RESP   1467 
     21753408     RESP   1472 
     21753416     RESP   1483 
     21753424     RESP   1481 
     21753432     RESP   1492 
     21753440     RESP   1490 
     21753448     RESP   1505 
     21753456     RESP   1501 
     21753464     RESP   1510 
     21753472     RESP   1517 
     21753480     RESP   1521 
     21753488     RESP   1528 
     21753496     RESP   1528 
     21753504     RESP   1546 
     21753512     RESP   1553 
     21753520     RESP   1555 
     21753528     RESP   1546 
     21753536     RESP   1535 
     21753544     RESP   1523 
     21753552     RESP   1530 
     21753560     RESP   1499 
     21753568     RESP   1510 
     21753576     RESP   1512 
     21753584     RESP   1530 
     21753592     RESP   1535 
     21753600     RESP   1544 
     21753608     RESP   1559 
     21753616     RESP   1564 
     21753624     RESP   1571  PULS_TRIGGER
     21753632     RESP   1573 
     21753640     RESP   1586 
     21753648     RESP   1591 
     21753656     RESP   1593 
     21753664     RESP   1593 
     21753672     RESP   1595 
     21753680     RESP   1609 
     21753688     RESP   1613 
     21753696     RESP   1627 
     21753704     RESP   1631 
     21753712     RESP   1643 
     21753720     RESP   1640 
     21753728     RESP   1647 
     21753736     RESP   1654 
     21753744     RESP   1658 
     21753752     RESP   1663 
     21753760     RESP   1661 
     21753768     RESP   1672 
     21753776     RESP   1676 
     21753784     RESP   1679 
     21753792     RESP   1681 
     21753800     RESP   1685 
     21753808     RESP   1692 
     21753816     RESP   1694 
     21753824     RESP   1712 
     21753832     RESP   1706 
     21753840     RESP   1710 
     21753848     RESP   1712 
     21753856     RESP   1724 
     21753864     RESP   1724 
     21753872     RESP   1730 
     21753880     RESP   1735 
     21753888     RESP   1730 
     21753896     RESP   1746 
     21753904     RESP   1744 
     21753912     RESP   1753 
     21753920     RESP   1753 
     21753928     RESP   1751 
     21753936     RESP   1755 
     21753944     RESP   1760 
     21753952     RESP   1766 
     21753960     RESP   1764 
     21753968     RESP   1778 
     21753976     RESP   1773 
     21753984     RESP   1791 
     21753992     RESP   1778 
     21754000     RESP   1769 
     21754008     RESP   1757 
     21754016     RESP   1744 
     21754024     RESP   1730 
     21754032     RESP   1726 
     21754040     RESP   1733 
     21754048     RESP   1744 
     21754056     RESP   1751 
     21754064     RESP   1755 
     21754072     RESP   1760 
     21754080     RESP   1789 
     21754088     RESP   1769 
     21754096     RESP   1784 
     21754104     RESP   1782 
     21754112     RESP   1793 
     21754120     RESP   1789 
     21754128     RESP   1796 
     21754136     RESP   1805 
     21754144     RESP   1811 
     21754152     RESP   1816 
     21754160     RESP   1814 
     21754168     RESP   1836 
     21754176     RESP   1845 
     21754184     RESP   1852 
     21754192     RESP   1852 
     21754200     RESP   1859 
     21754208     RESP   1870 
     21754216     RESP   1872 
     21754224     RESP   1888 
     21754232     RESP   1886 
     21754240     RESP   1899 
     21754248     RESP   1906 
     21754256     RESP   1924 
     21754264     RESP   1933 
     21754272     RESP   1946 
     21754280     RESP   1958 
     21754288     RESP   1967 
     21754296     RESP   1989 
     21754304     RESP   2007 
     21754312     RESP   2021 
     21754320     RESP   2032 
     21754328     RESP   2052 
     21754336     RESP   2070 
     21754344     RESP   2086 
     21754352     RESP   2104 
     21754360     RESP   2131 
     21754368     RESP   2151 
     21754376     RESP   2176 
     21754384     RESP   2198 
     21754392     RESP   2230 
     21754400     RESP   2255 
     21754408     RESP   2277 
     21754416     RESP   2311 
     21754424     RESP   2329 
     21754432     RESP   2369 
     21754440     RESP   2396 
     21754448     RESP   2423 
     21754456     RESP   2446 
     21754464     RESP   2457 
     21754472     RESP   2462 
     21754480     RESP   2473 
     21754488     RESP   2482 
     21754496     RESP   2525 
     21754504     RESP   2547 
     21754512     RESP   2597 
     21754520     RESP   2630 
     21754528     RESP   2682 
     21754536     RESP   2720 
     21754544     RESP   2763 
     21754552     RESP   2790 
     21754560     RESP   2817 
     21754568     RESP   2862 
     21754576     RESP   2896 
     21754584     RESP   2918 
     21754592     RESP   2941 
     21754600     RESP   2977 
     21754608     RESP   3022 
     21754616     RESP   3040 
     21754624     RESP   3078 
     21754632     RESP   3112 
     21754640     RESP   3152 
     21754648     RESP   3191 
     21754656     RESP   3236 
     21754664     RESP   3272 
     21754672     RESP   3312 
     21754680     RESP   3344 
     21754688     RESP   3377 
     21754696     RESP   3416 
     21754704     RESP   3452 
     21754712     RESP   3479 
     21754720     RESP   3499 
     21754728     RESP   3530 
     21754736     RESP   3560 
     21754744     RESP   3589 
     21754752     RESP   3609 
     21754760     RESP   3650 
     21754768     RESP   3661 
     21754776     RESP   3683 
     21754784     RESP   3699 
     21754792     RESP   3724 
     21754800     RESP   3740 
     21754808     RESP   3742 
     21754816     RESP   3746 
     21754824     RESP   3737 
     21754832     RESP   3751 
     21754840     RESP   3746 
     21754848     RESP   3751 
     21754856     RESP   3742 
     21754864     RESP   3728 
     21754872     RESP   3699 
     21754880     RESP   3663 
     21754888     RESP   3638 
     21754896     RESP   3580 
     21754904     RESP   3524 
     21754912     RESP   3463 
     21754920     RESP   3418 
     21754928     RESP   3371 
     21754936     RESP   3335 
     21754944     RESP   3305 
     21754952     RESP   3265 
     21754960     RESP   3238 
     21754968     RESP   3191 
     21754976     RESP   3152 
     21754984     RESP   3112 
     21754992     RESP   3074 
     21755000     RESP   3049 
     21755008     RESP   3017 
     21755016     RESP   2972 
     21755024     RESP   2932 
     21755032     RESP   2887 
     21755040     RESP   2844 
     21755048     RESP   2815 
     21755056     RESP   2795 
     21755064     RESP   2756 
     21755072     RESP   2727 
     21755080     RESP   2680 
     21755088     RESP   2642 
     21755096     RESP   2606 
     21755104     RESP   2561 
     21755112     RESP   2522 
     21755120     RESP   2475 
     21755128     RESP   2448 
     21755136     RESP   2417 
     21755144     RESP   2408 
     21755152     RESP   2360 
     21755160     RESP   2354 
     21755168     RESP   2318 
     21755176     RESP   2302 
     21755184     RESP   2264 
     21755192     RESP   2243 
     21755200     RESP   2214 
     21755208     RESP   2187 
     21755216     RESP   2158 
     21755224     RESP   2126 
     21755232     RESP   2117 
     21755240     RESP   2104 
     21755248     RESP   2088 
     21755256     RESP   2063 
     21755264     RESP   2043 
     21755272     RESP   2021 
     21755280     RESP   1994 
     21755288     RESP   1967 
     21755296     RESP   1917 
     21755304     RESP   1865 
     21755312     RESP   1823 
     21755320     RESP   1800 
     21755328     RESP   1778 
     21755336     RESP   1764 
     21755344     RESP   1753 
     21755352     RESP   1746 
     21755360     RESP   1744 
     21755368     RESP   1735 
     21755376     RESP   1724 
     21755384     RESP   1701 
     21755392     RESP   1699 
     21755400     RESP   1683 
     21755408     RESP   1667 
     21755416     RESP   1647 
     21755424     RESP   1618 
     21755432     RESP   1609 
     21755440     RESP   1593 
     21755448     RESP   1602 
     21755456     RESP   1584 
     21755464     RESP   1580 
     21755472     RESP   1566 
     21755480     RESP   1557 
     21755488     RESP   1555 
     21755496     RESP   1544 
     21755504     RESP   1528 
     21755512     RESP   1519 
     21755520     RESP   1505 
     21755528     RESP   1501 
     21755536     RESP   1483 
     21755544     RESP   1469 
     21755552     RESP   1447 
     21755560     RESP   1445 
     21755568     RESP   1429 
     21755576     RESP   1433 
     21755584     RESP   1433 
     21755592     RESP   1445 
     21755600     RESP   1447 
     21755608     RESP   1456 
     21755616     RESP   1445 
     21755624     RESP   1440 
     21755632     RESP   1438 
     21755640     RESP   1438 
     21755648     RESP   1427 
     21755656     RESP   1413 
     21755664     RESP   1413 
     21755672     RESP   1424 
     21755680     RESP   1404 
     21755688     RESP   1393 
     21755696     RESP   1359 
     21755704     RESP   1337 
     21755712     RESP   1307 
     21755720     RESP   1310 
     21755728     RESP   1303 
     21755736     RESP   1316 
     21755744     RESP   1321 
     21755752     RESP   1330 
     21755760     RESP   1352 
     21755768     RESP   1357 
     21755776     RESP   1364 
     21755784     RESP   1359 
     21755792     RESP   1373 
     21755800     RESP   1382 
     21755808     RESP   1388 
     21755816     RESP   1391 
     21755824     RESP   1382 
     21755832     RESP   1397 
     21755840     RESP   1395 
     21755848     RESP   1418 
     21755856     RESP   1418 
     21755864     RESP   1429 
     21755872     RESP   1429 
     21755880     RESP   1438 
     21755888     RESP   1451 
     21755896     RESP   1456 
     21755904     RESP   1458 
     21755912     RESP   1460 
     21755920     RESP   1469 
     21755928     RESP   1472 
     21755936     RESP   1474 
     21755944     RESP   1476 
     21755952     RESP   1483 
     21755960     RESP   1485 
     21755968     RESP   1492 
     21755976     RESP   1499 
     21755984     RESP   1505 
     21755992     RESP   1503 
     21756000     RESP   1512 
     21756008     RESP   1517 
     21756016     RESP   1519 
     21756024     RESP   1535 
     21756032     RESP   1535 
     21756040     RESP   1537 
     21756048     RESP   1544 
     21756056     RESP   1546 
     21756064     RESP   1555 
     21756072     RESP   1562 
     21756080     RESP   1571 
     21756088     RESP   1575 
     21756096     RESP   1564 
     21756104     RESP   1553 
     21756112     RESP   1544 
     21756120     RESP   1541 
     21756128     RESP   1526 
     21756136     RESP   1530 
     21756144     RESP   1523 
     21756152     RESP   1535 
     21756160     RESP   1555 
     21756168     RESP   1562 
     21756176     RESP   1568 
     21756184     RESP   1568 
     21756192     RESP   1584 
     21756200     RESP   1591  PULS_TRIGGER
     21756208     RESP   1598 
     21756216     RESP   1604 
     21756224     RESP   1602 
     21756232     RESP   1613 
     21756240     RESP   1609 
     21756248     RESP   1620 
     21756256     RESP   1622 
     21756264     RESP   1636 
     21756272     RESP   1638 
     21756280     RESP   1649 
     21756288     RESP   1661 
     21756296     RESP   1665 
     21756304     RESP   1665 
     21756312     RESP   1667 
     21756320     RESP   1679 
     21756328     RESP   1679 
     21756336     RESP   1685 
     21756344     RESP   1690 
     21756352     RESP   1694 
     21756360     RESP   1697 
     21756368     RESP   1706 
     21756376     RESP   1699 
     21756384     RESP   1717 
     21756392     RESP   1715 
     21756400     RESP   1724 
     21756408     RESP   1721 
     21756416     RESP   1724 
     21756424     RESP   1742 
     21756432     RESP   1737 
     21756440     RESP   1748 
     21756448     RESP   1737 
     21756456     RESP   1748 
     21756464     RESP   1744 
     21756472     RESP   1751 
     21756480     RESP   1751 
     21756488     RESP   1744 
     21756496     RESP   1753 
     21756504     RESP   1753 
     21756512     RESP   1766 
     21756520     RESP   1764 
     21756528     RESP   1775 
     21756536     RESP   1780 
     21756544     RESP   1784 
     21756552     RESP   1791 
     21756560     RESP   1782 
     21756568     RESP   1764 
     21756576     RESP   1757 
     21756584     RESP   1751 
     21756592     RESP   1762 
     21756600     RESP   1778 
     21756608     RESP   1798 
     21756616     RESP   1818 
     21756624     RESP   1834 
     21756632     RESP   1829 
     21756640     RESP   1868 
     21756648     RESP   1895 
     21756656     RESP   1906 
     21756664     RESP   1935 
     21756672     RESP   1942 
     21756680     RESP   1962 
     21756688     RESP   1982 
     21756696     RESP   2012 
     21756704     RESP   2034 
     21756712     RESP   2059 
     21756720     RESP   2097 
     21756728     RESP   2122 
     21756736     RESP   2160 
     21756744     RESP   2178 
     21756752     RESP   2205 
     21756760     RESP   2223 
     21756768     RESP   2264 
     21756776     RESP   2277 
     21756784     RESP   2318 
     21756792     RESP   2338 
     21756800     RESP   2367 
     21756808     RESP   2387 
     21756816     RESP   2419 
     21756824     RESP   2459 
     21756832     RESP   2486 
     21756840     RESP   2520 
     21756848     RESP   2545 
     21756856     RESP   2583 
     21756864     RESP   2615 
     21756872     RESP   2653 
     21756880     RESP   2678 
     21756888     RESP   2700 
     21756896     RESP   2734 
     21756904     RESP   2754 
     21756912     RESP   2786 
     21756920     RESP   2808 
     21756928     RESP   2840 
     21756936     RESP   2862 
     21756944     RESP   2898 
     21756952     RESP   2932 
     21756960     RESP   2957 
     21756968     RESP   2979 
     21756976     RESP   2999 
     21756984     RESP   3031 
     21756992     RESP   3053 
     21757000     RESP   3092 
     21757008     RESP   3116 
     21757016     RESP   3139 
     21757024     RESP   3157 
     21757032     RESP   3166 
     21757040     RESP   3193 
     21757048     RESP   3177 
     21757056     RESP   3164 
     21757064     RESP   3157 
     21757072     RESP   3173 
     21757080     RESP   3193 
     21757088     RESP   3215 
     21757096     RESP   3242 
     21757104     RESP   3269 
     21757112     RESP   3285 
     21757120     RESP   3308 
     21757128     RESP   3312 
     21757136     RESP   3323 
     21757144     RESP   3339  PULS_TRIGGER
     21757152     RESP   3353 
     21757160     RESP   3350 
     21757168     RESP   3339 
     21757176     RESP   3355 
     21757184     RESP   3373 
     21757192     RESP   3380 
     21757200     RESP   3409 
     21757208     RESP   3413 
     21757216     RESP   3429 
     21757224     RESP   3436 
     21757232     RESP   3438 
     21757240     RESP   3425 
     21757248     RESP   3413 
     21757256     RESP   3393 
     21757264     RESP   3357 
     21757272     RESP   3319 
     21757280     RESP   3269 
     21757288     RESP   3222 
     21757296     RESP   3191 
     21757304     RESP   3139 
     21757312     RESP   3103 
     21757320     RESP   3060 
     21757328     RESP   3022 
     21757336     RESP   2972 
     21757344     RESP   2934 
     21757352     RESP   2891 
     21757360     RESP   2851 
     21757368     RESP   2806 
     21757376     RESP   2759 
     21757384     RESP   2736 
     21757392     RESP   2696 
     21757400     RESP   2666 
     21757408     RESP   2628 
     21757416     RESP   2588 
     21757424     RESP   2554 
     21757432     RESP   2516 
     21757440     RESP   2498 
     21757448     RESP   2464 
     21757456     RESP   2444 
     21757464     RESP   2401 
     21757472     RESP   2374 
     21757480     RESP   2336 
     21757488     RESP   2302 
     21757496     RESP   2252 
     21757504     RESP   2183 
     21757512     RESP   2135 
     21757520     RESP   2084 
     21757528     RESP   2041 
     21757536     RESP   2016 
     21757544     RESP   1989 
     21757552     RESP   1967 
     21757560     RESP   1953 
     21757568     RESP   1933 
     21757576     RESP   1919 
     21757584     RESP   1890 
     21757592     RESP   1872 
     21757600     RESP   1859 
     21757608     RESP   1847 
     21757616     RESP   1832 
     21757624     RESP   1809 
     21757632     RESP   1784 
     21757640     RESP   1775 
     21757648     RESP   1760 
     21757656     RESP   1757 
     21757664     RESP   1751 
     21757672     RESP   1739 
     21757680     RESP   1724 
     21757688     RESP   1712 
     21757696     RESP   1674 
     21757704     RESP   1688 
     21757712     RESP   1688 
     21757720     RESP   1661 
     21757728     RESP   1656 
     21757736     RESP   1631 
     21757744     RESP   1625 
     21757752     RESP   1613 
     21757760     RESP   1602 
     21757768     RESP   1586 
     21757776     RESP   1568 
     21757784     RESP   1571 
     21757792     RESP   1559 
     21757800     RESP   1548 
     21757808     RESP   1537 
     21757816     RESP   1532 
     21757824     RESP   1532 
     21757832     RESP   1523 
     21757840     RESP   1521 
     21757848     RESP   1510 
     21757856     RESP   1512 
     21757864     RESP   1503 
     21757872     RESP   1501 
     21757880     RESP   1487 
     21757888     RESP   1483 
     21757896     RESP   1469 
     21757904     RESP   1465 
     21757912     RESP   1465 
     21757920     RESP   1460 
     21757928     RESP   1463 
     21757936     RESP   1460 
     21757944     RESP   1447 
     21757952     RESP   1433 
     21757960     RESP   1409 
     21757968     RESP   1375 
     21757976     RESP   1364 
     21757984     RESP   1343 
     21757992     RESP   1341 
     21758000     RESP   1341 
     21758008     RESP   1355 
     21758016     RESP   1366 
     21758024     RESP   1370 
     21758032     RESP   1368 
     21758040     RESP   1359 
     21758048     RESP   1377 
     21758056     RESP   1379 
     21758064     RESP   1393 
     21758072     RESP   1386 
     21758080     RESP   1384 
     21758088     RESP   1386 
     21758096     RESP   1388 
     21758104     RESP   1404 
     21758112     RESP   1402 
     21758120     RESP   1411 
     21758128     RESP   1418 
     21758136     RESP   1431 
     21758144     RESP   1436 
     21758152     RESP   1438 
     21758160     RESP   1440 
     21758168     RESP   1449 
     21758176     RESP   1449 
     21758184     RESP   1465 
     21758192     RESP   1469 
     21758200     RESP   1472 
     21758208     RESP   1472 
     21758216     RESP   1476 
     21758224     RESP   1451 
     21758232     RESP   1492 
     21758240     RESP   1501 
     21758248     RESP   1499 
     21758256     RESP   1508 
     21758264     RESP   1503 
     21758272     RESP   1512 
     21758280     RESP   1512 
     21758288     RESP   1526 
     21758296     RESP   1519 
     21758304     RESP   1521 
     21758312     RESP   1532 
     21758320     RESP   1535 
     21758328     RESP   1539 
     21758336     RESP   1544 
     21758344     RESP   1544 
     21758352     RESP   1548 
     21758360     RESP   1557 
     21758368     RESP   1555 
     21758376     RESP   1571 
     21758384     RESP   1566 
     21758392     RESP   1584 
     21758400     RESP   1582 
     21758408     RESP   1595 
     21758416     RESP   1595 
     21758424     RESP   1591 
     21758432     RESP   1575 
     21758440     RESP   1553 
     21758448     RESP   1555 
     21758456     RESP   1548 
     21758464     RESP   1555 
     21758472     RESP   1559 
     21758480     RESP   1575 
     21758488     RESP   1586 
     21758496     RESP   1595 
     21758504     RESP   1611 
     21758512     RESP   1620 
     21758520     RESP   1631 
     21758528     RESP   1643 
     21758536     RESP   1661 
     21758544     RESP   1672 
     21758552     RESP   1683 
     21758560     RESP   1692 
     21758568     RESP   1703 
     21758576     RESP   1726 
     21758584     RESP   1748 
     21758592     RESP   1775 
     21758600     RESP   1796 
     21758608     RESP   1820 
     21758616     RESP   1841 
     21758624     RESP   1865 
     21758632     RESP   1890 
     21758640     RESP   1910 
     21758648     RESP   1933 
     21758656     RESP   1951 
     21758664     RESP   1985 
     21758672     RESP   2005 
     21758680     RESP   2030 
     21758688     RESP   2052 
     21758696     RESP   2090 
     21758704     RESP   2115 
     21758712     RESP   2156 
     21758720     RESP   2176 
     21758728     RESP   2205 
     21758736     RESP   2234 
     21758744     RESP   2252 
     21758752     RESP   2279 
     21758760     RESP   2275 
     21758768     RESP   2333 
     21758776     RESP   2372 
     21758784     RESP   2387 
     21758792     RESP   2426 
     21758800     RESP   2453 
     21758808     RESP   2486 
     21758816     RESP   2511 
     21758824     RESP   2547 
     21758832     RESP   2572 
     21758840     RESP   2606 
     21758848     RESP   2646 
     21758856     RESP   2680 
     21758864     RESP   2698 
     21758872     RESP   2714 
     21758880     RESP   2729 
     21758888     RESP   2743 
     21758896     RESP   2743 
     21758904     RESP   2745 
     21758912     RESP   2745 
     21758920     RESP   2765 
     21758928     RESP   2777 
     21758936     RESP   2817 
     21758944     RESP   2851 
     21758952     RESP   2896 
     21758960     RESP   2918 
     21758968     RESP   2945 
     21758976     RESP   2984 
     21758984     RESP   3008 
     21758992     RESP   3044  PULS_TRIGGER
     21759000     RESP   3062 
     21759008     RESP   3092 
     21759016     RESP   3105 
     21759024     RESP   3125 
     21759032     RESP   3152 
     21759040     RESP   3168 
     21759048     RESP   3211 
     21759056     RESP   3227 
     21759064     RESP   3265 
     21759072     RESP   3285 
     21759080     RESP   3310 
     21759088     RESP   3321 
     21759096     RESP   3337 
     21759104     RESP   3357 
     21759112     RESP   3355 
     21759120     RESP   3355 
     21759128     RESP   3359 
     21759136     RESP   3353 
     21759144     RESP   3350 
     21759152     RESP   3337 
     21759160     RESP   3319 
     21759168     RESP   3301 
     21759176     RESP   3265 
     21759184     RESP   3220 
     21759192     RESP   3179 
     21759200     RESP   3137 
     21759208     RESP   3092 
     21759216     RESP   3056 
     21759224     RESP   3020 
     21759232     RESP   2993 
     21759240     RESP   2948 
     21759248     RESP   2907 
     21759256     RESP   2860 
     21759264     RESP   2815 
     21759272     RESP   2765 
     21759280     RESP   2729 
     21759288     RESP   2642 
     21759296     RESP   2621 
     21759304     RESP   2570 
     21759312     RESP   2502 
     21759320     RESP   2457 
     21759328     RESP   2381 
     21759336     RESP   2327 
     21759344     RESP   2257 
     21759352     RESP   2214 
     21759360     RESP   2158 
     21759368     RESP   2124 
     21759376     RESP   2113 
     21759384     RESP   2093 
     21759392     RESP   2072 
     21759400     RESP   2041 
     21759408     RESP   2027 
     21759416     RESP   2005 
     21759424     RESP   1989 
     21759432     RESP   1971 
     21759440     RESP   1940 
     21759448     RESP   1922 
     21759456     RESP   1890 
     21759464     RESP   1886 
     21759472     RESP   1865 
     21759480     RESP   1865 
     21759488     RESP   1845 
     21759496     RESP   1841 
     21759504     RESP   1841 
     21759512     RESP   1823 
     21759520     RESP   1809 
     21759528     RESP   1796 
     21759536     RESP   1775 
     21759544     RESP   1760 
     21759552     RESP   1746 
     21759560     RESP   1728 
     21759568     RESP   1710 
     21759576     RESP   1692 
     21759584     RESP   1676 
     21759592     RESP   1656 
     21759600     RESP   1663 
     21759608     RESP   1647 
     21759616     RESP   1645 
     21759624     RESP   1634 
     21759632     RESP   1625 
     21759640     RESP   1622 
     21759648     RESP   1611 
     21759656     RESP   1613 
     21759664     RESP   1591 
     21759672     RESP   1584 
     21759680     RESP   1573 
     21759688     RESP   1566 
     21759696     RESP   1562 
     21759704     RESP   1546 
     21759712     RESP   1546 
     21759720     RESP   1537 
     21759728     RESP   1546 
     21759736     RESP   1532 
     21759744     RESP   1523 
     21759752     RESP   1499 
     21759760     RESP   1478 
     21759768     RESP   1449 
     21759776     RESP   1436 
     21759784     RESP   1415 
     21759792     RESP   1406 
     21759800     RESP   1402 
     21759808     RESP   1413 
     21759816     RESP   1377 
     21759824     RESP   1420 
     21759832     RESP   1420 
     21759840     RESP   1415 
     21759848     RESP   1429 
     21759856     RESP   1424 
     21759864     RESP   1438 
     21759872     RESP   1433 
     21759880     RESP   1445 
     21759888     RESP   1431 
     21759896     RESP   1436 
     21759904     RESP   1445 
     21759912     RESP   1442 
     21759920     RESP   1451 
     21759928     RESP   1458 
     21759936     RESP   1454 
     21759944     RESP   1465 
     21759952     RESP   1463 
     21759960     RESP   1465 
     21759968     RESP   1469 
     21759976     RESP   1465 
     21759984     RESP   1474 
     21759992     RESP   1465 
     21760000     RESP   1481 
     21760008     RESP   1476 
     21760016     RESP   1490 
     21760024     RESP   1490 
     21760032     RESP   1494 
     21760040     RESP   1508 
     21760048     RESP   1503 
     21760056     RESP   1510 
     21760064     RESP   1505 
     21760072     RESP   1519 
     21760080     RESP   1523 
     21760088     RESP   1530 
     21760096     RESP   1535 
     21760104     RESP   1530 
     21760112     RESP   1544 
     21760120     RESP   1539 
     21760128     RESP   1548 
     21760136     RESP   1544 
     21760144     RESP   1550 
     21760152     RESP   1546 
     21760160     RESP   1555 
     21760168     RESP   1566 
     21760176     RESP   1571 
     21760184     RESP   1580 
     21760192     RESP   1584 
     21760200     RESP   1586 
     21760208     RESP   1566 
     21760216     RESP   1550 
     21760224     RESP   1530 
     21760232     RESP   1519 
     21760240     RESP   1519 
     21760248     RESP   1528 
     21760256     RESP   1546 
     21760264     RESP   1557 
     21760272     RESP   1575 
     21760280     RESP   1582 
     21760288     RESP   1593 
     21760296     RESP   1598 
     21760304     RESP   1609 
     21760312     RESP   1620 
     21760320     RESP   1629 
     21760328     RESP   1636 
     21760336     RESP   1629 
     21760344     RESP   1638 
     21760352     RESP   1607 
     21760360     RESP   1656 
     21760368     RESP   1663 
     21760376     RESP   1661 
     21760384     RESP   1685 
     21760392     RESP   1681 
     21760400     RESP   1699 
     21760408     RESP   1697 
     21760416     RESP   1717 
     21760424     RESP   1708 
     21760432     RESP   1717 
     21760440     RESP   1730 
     21760448     RESP   1737 
     21760456     RESP   1742 
     21760464     RESP   1739 
     21760472     RESP   1751 
     21760480     RESP   1751 
     21760488     RESP   1755 
     21760496     RESP   1755 
     21760504     RESP   1751 
     21760512     RESP   1757 
     21760520     RESP   1753 
     21760528     RESP   1760 
     21760536     RESP   1755 
     21760544     RESP   1764 
     21760552     RESP   1760 
     21760560     RESP   1762 
     21760568     RESP   1769 
     21760576     RESP   1771 
     21760584     RESP   1773 
     21760592     RESP   1769 
     21760600     RESP   1780 
     21760608     RESP   1784 
     21760616     RESP   1789 
     21760624     RESP   1789 
     21760632     RESP   1796 
     21760640     RESP   1805 
     21760648     RESP   1802 
     21760656     RESP   1816 
     21760664     RESP   1796 
     21760672     RESP   1787 
     21760680     RESP   1766 
     21760688     RESP   1766 
     21760696     RESP   1764 
     21760704     RESP   1773 
     21760712     RESP   1789 
     21760720     RESP   1818 
     21760728     RESP   1836 
     21760736     RESP   1863 
     21760744     RESP   1877 
     21760752     RESP   1906 
     21760760     RESP   1937 
     21760768     RESP   1964 
     21760776     RESP   2000 
     21760784     RESP   2030 
     21760792     RESP   2063 
     21760800     RESP   2093 
     21760808     RESP   2129 
     21760816     RESP   2156 
     21760824     RESP   2192 
     21760832     RESP   2221 
     21760840     RESP   2261 
     21760848     RESP   2288 
     21760856     RESP   2318 
     21760864     RESP   2345 
     21760872     RESP   2376 
     21760880     RESP   2367 
     21760888     RESP   2437 
     21760896     RESP   2466 
     21760904     RESP   2493 
     21760912     RESP   2529 
     21760920     RESP   2552 
     21760928     RESP   2590 
     21760936     RESP   2608 
     21760944     RESP   2639 
     21760952     RESP   2653 
     21760960     RESP   2684 
     21760968     RESP   2711 
     21760976     RESP   2743 
     21760984     RESP   2763 
     21760992     RESP   2774 
     21761000     RESP   2810 
     21761008     RESP   2833 
     21761016     RESP   2855 
     21761024     RESP   2869 
     21761032     RESP   2891 
     21761040     RESP   2921 
     21761048     RESP   2941 
     21761056     RESP   2979 
     21761064     RESP   2997 
     21761072     RESP   3026 
     21761080     RESP   3031 
     21761088     RESP   3051 
     21761096     RESP   3058 
     21761104     RESP   3065 
     21761112     RESP   3053 
     21761120     RESP   3042 
     21761128     RESP   3033 
     21761136     RESP   3042 
     21761144     RESP   3056 
     21761152     RESP   3085 
     21761160     RESP   3112 
     21761168     RESP   3130 
     21761176     RESP   3159 
     21761184     RESP   3175 
     21761192     RESP   3197 
     21761200     RESP   3209 
     21761208     RESP   3231  PULS_TRIGGER
     21761216     RESP   3233 
     21761224     RESP   3249 
     21761232     RESP   3263 
     21761240     RESP   3269 
     21761248     RESP   3290 
     21761256     RESP   3299 
     21761264     RESP   3330 
     21761272     RESP   3346 
     21761280     RESP   3368 
     21761288     RESP   3375 
     21761296     RESP   3384 
     21761304     RESP   3389 
     21761312     RESP   3382 
     21761320     RESP   3384 
     21761328     RESP   3362 
     21761336     RESP   3355 
     21761344     RESP   3337 
     21761352     RESP   3328 
     21761360     RESP   3305 
     21761368     RESP   3283 
     21761376     RESP   3258 
     21761384     RESP   3220 
     21761392     RESP   3177 
     21761400     RESP   3157 
     21761408     RESP   3071 
     21761416     RESP   3074 
     21761424     RESP   3022 
     21761432     RESP   2975 
     21761440     RESP   2936 
     21761448     RESP   2882 
     21761456     RESP   2855 
     21761464     RESP   2815 
     21761472     RESP   2783 
     21761480     RESP   2729 
     21761488     RESP   2680 
     21761496     RESP   2624 
     21761504     RESP   2570 
     21761512     RESP   2518 
     21761520     RESP   2437 
     21761528     RESP   2358 
     21761536     RESP   2304 
     21761544     RESP   2246 
     21761552     RESP   2205 
     21761560     RESP   2167 
     21761568     RESP   2138 
     21761576     RESP   2117 
     21761584     RESP   2081 
     21761592     RESP   2068 
     21761600     RESP   2034 
     21761608     RESP   2027 
     21761616     RESP   2005 
     21761624     RESP   1991 
     21761632     RESP   1969 
     21761640     RESP   1944 
     21761648     RESP   1922 
     21761656     RESP   1888 
     21761664     RESP   1879 
     21761672     RESP   1859 
     21761680     RESP   1845 
     21761688     RESP   1823 
     21761696     RESP   1807 
     21761704     RESP   1793 
     21761712     RESP   1771 
     21761720     RESP   1757 
     21761728     RESP   1726 
     21761736     RESP   1708 
     21761744     RESP   1683 
     21761752     RESP   1667 
     21761760     RESP   1647 
     21761768     RESP   1638 
     21761776     RESP   1629 
     21761784     RESP   1616 
     21761792     RESP   1616 
     21761800     RESP   1602 
     21761808     RESP   1595 
     21761816     RESP   1580 
     21761824     RESP   1573 
     21761832     RESP   1557 
     21761840     RESP   1559 
     21761848     RESP   1564 
     21761856     RESP   1559 
     21761864     RESP   1557 
     21761872     RESP   1546 
     21761880     RESP   1548 
     21761888     RESP   1532 
     21761896     RESP   1508 
     21761904     RESP   1472 
     21761912     RESP   1442 
     21761920     RESP   1424 
     21761928     RESP   1400 
     21761936     RESP   1404 
     21761944     RESP   1361 
     21761952     RESP   1404 
     21761960     RESP   1400 
     21761968     RESP   1400 
     21761976     RESP   1406 
     21761984     RESP   1397 
     21761992     RESP   1406 
     21762000     RESP   1395 
     21762008     RESP   1409 
     21762016     RESP   1395 
     21762024     RESP   1400 
     21762032     RESP   1395 
     21762040     RESP   1404 
     21762048     RESP   1397 
     21762056     RESP   1393 
     21762064     RESP   1406 
     21762072     RESP   1402 
     21762080     RESP   1406 
     21762088     RESP   1406 
     21762096     RESP   1411 
     21762104     RESP   1415 
     21762112     RESP   1415 
     21762120     RESP   1422 
     21762128     RESP   1422 
     21762136     RESP   1431 
     21762144     RESP   1427 
     21762152     RESP   1431 
     21762160     RESP   1433 
     21762168     RESP   1440 
     21762176     RESP   1442 
     21762184     RESP   1445 
     21762192     RESP   1451 
     21762200     RESP   1454 
     21762208     RESP   1458 
     21762216     RESP   1454 
     21762224     RESP   1463 
     21762232     RESP   1465 
     21762240     RESP   1467 
     21762248     RESP   1469 
     21762256     RESP   1465 
     21762264     RESP   1476 
     21762272     RESP   1469 
     21762280     RESP   1485 
     21762288     RESP   1485 
     21762296     RESP   1499 
     21762304     RESP   1501 
     21762312     RESP   1501 
     21762320     RESP   1472 
     21762328     RESP   1458 
     21762336     RESP   1438 
     21762344     RESP   1431 
     21762352     RESP   1424 
     21762360     RESP   1433 
     21762368     RESP   1442 
     21762376     RESP   1458 
     21762384     RESP   1469 
     21762392     RESP   1472 
     21762400     RESP   1481 
     21762408     RESP   1487 
     21762416     RESP   1499  PULS_TRIGGER
     21762424     RESP   1503 
     21762432     RESP   1510 
     21762440     RESP   1517 
     21762448     RESP   1514 
     21762456     RESP   1517 
     21762464     RESP   1528 
     21762472     RESP   1492 
     21762480     RESP   1541 
     21762488     RESP   1546 
     21762496     RESP   1557 
     21762504     RESP   1568 
     21762512     RESP   1568 
     21762520     RESP   1573 
     21762528     RESP   1575 
     21762536     RESP   1586 
     21762544     RESP   1580 
     21762552     RESP   1598 
     21762560     RESP   1600 
     21762568     RESP   1613 
     21762576     RESP   1609 
     21762584     RESP   1613 
     21762592     RESP   1629 
     21762600     RESP   1627 
     21762608     RESP   1647 
     21762616     RESP   1643 
     21762624     RESP   1654 
     21762632     RESP   1658 
     21762640     RESP   1663 
     21762648     RESP   1665 
     21762656     RESP   1661 
     21762664     RESP   1681 
     21762672     RESP   1670 
     21762680     RESP   1685 
     21762688     RESP   1681 
     21762696     RESP   1688 
     21762704     RESP   1692 
     21762712     RESP   1694 
     21762720     RESP   1690 
     21762728     RESP   1701 
     21762736     RESP   1703 
     21762744     RESP   1706 
     21762752     RESP   1708 
     21762760     RESP   1721 
     21762768     RESP   1726 
     21762776     RESP   1730 
     21762784     RESP   1733 
     21762792     RESP   1719 
     21762800     RESP   1708 
     21762808     RESP   1688 
     21762816     RESP   1685 
     21762824     RESP   1685 
     21762832     RESP   1699 
     21762840     RESP   1712 
     21762848     RESP   1730 
     21762856     RESP   1757 
     21762864     RESP   1773 
     21762872     RESP   1802 
     21762880     RESP   1816 
     21762888     RESP   1847  PULS_TRIGGER
     21762896     RESP   1863 
     21762904     RESP   1897 
     21762912     RESP   1917 
     21762920     RESP   1931 
     21762928     RESP   1962 
     21762936     RESP   1978 
     21762944     RESP   2014 
     21762952     RESP   2036 
     21762960     RESP   2063 
     21762968     RESP   2102 
     21762976     RESP   2120 
     21762984     RESP   2144 
     21762992     RESP   2180 
     21763000     RESP   2156 
     21763008     RESP   2228 
     21763016     RESP   2246 
     21763024     RESP   2277 
     21763032     RESP   2311 
     21763040     RESP   2338 
     21763048     RESP   2365 
     21763056     RESP   2383 
     21763064     RESP   2423 
     21763072     RESP   2441 
     21763080     RESP   2475 
     21763088     RESP   2498 
     21763096     RESP   2531 
     21763104     RESP   2565 
     21763112     RESP   2583 
     21763120     RESP   2603 
     21763128     RESP   2639 
     21763136     RESP   2664 
     21763144     RESP   2702 
     21763152     RESP   2725 
     21763160     RESP   2759 
     21763168     RESP   2786 
     21763176     RESP   2808 
     21763184     RESP   2833 
     21763192     RESP   2853 
     21763200     RESP   2887 
     21763208     RESP   2900 
     21763216     RESP   2945 
     21763224     RESP   2977 
     21763232     RESP   3004 
     21763240     RESP   3020 
     21763248     RESP   3033 
     21763256     RESP   3060 
     21763264     RESP   3060 
     21763272     RESP   3056 
     21763280     RESP   3042 
     21763288     RESP   3062 
     21763296     RESP   3083 
     21763304     RESP   3114 
     21763312     RESP   3148 
     21763320     RESP   3175 
     21763328     RESP   3220 
     21763336     RESP   3236 
     21763344     RESP   3269 
     21763352     RESP   3283 
     21763360     RESP   3310 
     21763368     RESP   3321 
     21763376     RESP   3339 
     21763384     RESP   3348 
     21763392     RESP   3339 
     21763400     RESP   3344 
     21763408     RESP   3348 
     21763416     RESP   3368 
     21763424     RESP   3375 
     21763432     RESP   3400 
     21763440     RESP   3409 
     21763448     RESP   3416 
     21763456     RESP   3427 
     21763464     RESP   3422 
     21763472     RESP   3427 
     21763480     RESP   3416 
     21763488     RESP   3404 
     21763496     RESP   3400 
     21763504     RESP   3389 
     21763512     RESP   3362 
     21763520     RESP   3341 
     21763528     RESP   3328 
     21763536     RESP   3254 
     21763544     RESP   3281 
     21763552     RESP   3238 
     21763560     RESP   3211 
     21763568     RESP   3168 
     21763576     RESP   3116 
     21763584     RESP   3067 
     21763592     RESP   3006 
     21763600     RESP   2975 
     21763608     RESP   2912 
     21763616     RESP   2887 
     21763624     RESP   2837 
     21763632     RESP   2806 
     21763640     RESP   2745 
     21763648     RESP   2707 
     21763656     RESP   2673 
     21763664     RESP   2626 
     21763672     RESP   2592 
     21763680     RESP   2529 
     21763688     RESP   2482 
     21763696     RESP   2421 
     21763704     RESP   2367 
     21763712     RESP   2304 
     21763720     RESP   2223 
     21763728     RESP   2167 
     21763736     RESP   2097 
     21763744     RESP   2061 
     21763752     RESP   2018 
     21763760     RESP   1994 
     21763768     RESP   1964 
     21763776     RESP   1944 
     21763784     RESP   1924 
     21763792     RESP   1890 
     21763800     RESP   1865 
     21763808     RESP   1838 
     21763816     RESP   1825  PULS_TRIGGER
     21763824     RESP   1809 
     21763832     RESP   1789 
     21763840     RESP   1764 
     21763848     RESP   1746 
     21763856     RESP   1742 
     21763864     RESP   1726 
     21763872     RESP   1726 
     21763880     RESP   1701 
     21763888     RESP   1694 
     21763896     RESP   1681 
     21763904     RESP   1663 
     21763912     RESP   1652 
     21763920     RESP   1649 
     21763928     RESP   1625 
     21763936     RESP   1622 
     21763944     RESP   1600 
     21763952     RESP   1598 
     21763960     RESP   1577 
     21763968     RESP   1575 
     21763976     RESP   1559 
     21763984     RESP   1544 
     21763992     RESP   1541 
     21764000     RESP   1523 
     21764008     RESP   1519 
     21764016     RESP   1501 
     21764024     RESP   1483 
     21764032     RESP   1481 
     21764040     RESP   1465 
     21764048     RESP   1465 
     21764056     RESP   1467 
     21764064     RESP   1415 
     21764072     RESP   1465 
     21764080     RESP   1458 
     21764088     RESP   1463 
     21764096     RESP   1463 
     21764104     RESP   1456 
     21764112     RESP   1451 
     21764120     RESP   1445 
     21764128     RESP   1447 
     21764136     RESP   1433 
     21764144     RESP   1438 
     21764152     RESP   1424 
     21764160     RESP   1427 
     21764168     RESP   1393 
     21764176     RESP   1368 
     21764184     RESP   1339 
     21764192     RESP   1314 
     21764200     RESP   1303 
     21764208     RESP   1292 
     21764216     RESP   1310 
     21764224     RESP   1314 
     21764232     RESP   1321 
     21764240     RESP   1316 
     21764248     RESP   1321 
     21764256     RESP   1328 
     21764264     RESP   1330  PULS_TRIGGER
     21764272     RESP   1350 
     21764280     RESP   1348 
     21764288     RESP   1352 
     21764296     RESP   1352 
     21764304     RESP   1350 
     21764312     RESP   1357 
     21764320     RESP   1375 
     21764328     RESP   1375 
     21764336     RESP   1384 
     21764344     RESP   1384 
     21764352     RESP   1395 
     21764360     RESP   1397 
     21764368     RESP   1400 
     21764376     RESP   1402 
     21764384     RESP   1397 
     21764392     RESP   1409 
     21764400     RESP   1409 
     21764408     RESP   1418 
     21764416     RESP   1418 
     21764424     RESP   1427 
     21764432     RESP   1424 
     21764440     RESP   1436 
     21764448     RESP   1442 
     21764456     RESP   1445 
     21764464     RESP   1451 
     21764472     RESP   1449 
     21764480     RESP   1465 
     21764488     RESP   1458 
     21764496     RESP   1469 
     21764504     RESP   1467 
     21764512     RESP   1474 
     21764520     RESP   1483 
     21764528     RESP   1485 
     21764536     RESP   1499 
     21764544     RESP   1501 
     21764552     RESP   1501 
     21764560     RESP   1514 
     21764568     RESP   1508 
     21764576     RESP   1519 
     21764584     RESP   1523 
     21764592     RESP   1492 
     21764600     RESP   1532 
     21764608     RESP   1526 
     21764616     RESP   1546 
     21764624     RESP   1555 
     21764632     RESP   1557 
     21764640     RESP   1555 
     21764648     RESP   1553 
     21764656     RESP   1548 
     21764664     RESP   1528 
     21764672     RESP   1523 
     21764680     RESP   1510 
     21764688     RESP   1512 
     21764696     RESP   1528 
     21764704     RESP   1526 
     21764712     RESP   1539 
     21764720     RESP   1553 
     21764728     RESP   1555 
     21764736     RESP   1568 
     21764744     RESP   1575 
     21764752     RESP   1586  PULS_TRIGGER
     21764760     RESP   1598 
     21764768     RESP   1607 
     21764776     RESP   1609 
     21764784     RESP   1616 
     21764792     RESP   1627 
     21764800     RESP   1627 
     21764808     RESP   1649 
     21764816     RESP   1658 
     21764824     RESP   1679 
     21764832     RESP   1688 
     21764840     RESP   1708 
     21764848     RESP   1724 
     21764856     RESP   1733 
     21764864     RESP   1751 
     21764872     RESP   1755 
     21764880     RESP   1787 
     21764888     RESP   1802 
     21764896     RESP   1823 
     21764904     RESP   1834 
     21764912     RESP   1856 
     21764920     RESP   1881 
     21764928     RESP   1899 
     21764936     RESP   1928 
     21764944     RESP   1933 
     21764952     RESP   1960 
     21764960     RESP   1971 
     21764968     RESP   1998 
     21764976     RESP   2018 
     21764984     RESP   2036 
     21764992     RESP   2059 
     21765000     RESP   2075 
     21765008     RESP   2106 
     21765016     RESP   2120 
     21765024     RESP   2147 
     21765032     RESP   2162 
     21765040     RESP   2185 
     21765048     RESP   2210 
     21765056     RESP   2232 
     21765064     RESP   2259 
     21765072     RESP   2286 
     21765080     RESP   2309 
     21765088     RESP   2336 
     21765096     RESP   2365 
     21765104     RESP   2378 
     21765112     RESP   2403 
     21765120     RESP   2423 
     21765128     RESP   2381 
     21765136     RESP   2414 
     21765144     RESP   2405 
     21765152     RESP   2423 
     21765160     RESP   2444 
     21765168     RESP   2468 
     21765176     RESP   2495 
     21765184     RESP   2529 
     21765192     RESP   2570 
     21765200     RESP   2585 
     21765208     RESP   2619 
     21765216     RESP   2633 
     21765224     RESP   2671 
     21765232     RESP   2680 
     21765240     RESP   2707 
     21765248     RESP   2718 
     21765256     RESP   2732 
     21765264     RESP   2750 
     21765272     RESP   2763 
     21765280     RESP   2799 
     21765288     RESP   2822 
     21765296     RESP   2851 
     21765304     RESP   2869 
     21765312     RESP   2896 
     21765320     RESP   2923 
     21765328     RESP   2932 
     21765336     RESP   2957 
     21765344     RESP   2966 
     21765352     RESP   2984 
     21765360     RESP   2997 
     21765368     RESP   3015 
     21765376     RESP   3029 
     21765384     RESP   3044 
     21765392     RESP   3056 
     21765400     RESP   3065 
     21765408     RESP   3087 
     21765416     RESP   3096 
     21765424     RESP   3110 
     21765432     RESP   3114 
     21765440     RESP   3123 
     21765448     RESP   3123 
     21765456     RESP   3121 
     21765464     RESP   3119 
     21765472     RESP   3101 
     21765480     RESP   3085 
     21765488     RESP   3058 
     21765496     RESP   3020 
     21765504     RESP   2995 
     21765512     RESP   2961 
     21765520     RESP   2930 
     21765528     RESP   2896 
     21765536     RESP   2837 
     21765544     RESP   2797 
     21765552     RESP   2727 
     21765560     RESP   2673 
     21765568     RESP   2594 
     21765576     RESP   2509 
     21765584     RESP   2437 
     21765592     RESP   2378 
     21765600     RESP   2338 
     21765608     RESP   2300 
     21765616     RESP   2268 
     21765624     RESP   2252 
     21765632     RESP   2212 
     21765640     RESP   2192 
     21765648     RESP   2156 
     21765656     RESP   2102 
     21765664     RESP   2102 
     21765672     RESP   2079 
     21765680     RESP   2066 
     21765688     RESP   2041 
     21765696     RESP   2005 
     21765704     RESP   1980 
     21765712     RESP   1967 
     21765720     RESP   1958 
     21765728     RESP   1933 
     21765736     RESP   1917 
     21765744     RESP   1899 
     21765752     RESP   1890 
     21765760     RESP   1859 
     21765768     RESP   1847 
     21765776     RESP   1823 
     21765784     RESP   1809 
     21765792     RESP   1773 
     21765800     RESP   1755 
     21765808     RESP   1746 
     21765816     RESP   1733 
     21765824     RESP   1724 
     21765832     RESP   1701 
     21765840     RESP   1697 
     21765848     RESP   1685 
     21765856     RESP   1672 
     21765864     RESP   1665 
     21765872     RESP   1643 
     21765880     RESP   1645 
     21765888     RESP   1643 
     21765896     RESP   1629 
     21765904     RESP   1631 
     21765912     RESP   1620 
     21765920     RESP   1613 
     21765928     RESP   1607 
     21765936     RESP   1593 
     21765944     RESP   1600 
     21765952     RESP   1591 
     21765960     RESP   1584 
     21765968     RESP   1568 
     21765976     RESP   1555 
     21765984     RESP   1539 
     21765992     RESP   1503 
     21766000     RESP   1481 
     21766008     RESP   1456 
     21766016     RESP   1454 
     21766024     RESP   1447 
     21766032     RESP   1449 
     21766040     RESP   1449 
     21766048     RESP   1454 
     21766056     RESP   1449 
     21766064     RESP   1447 
     21766072     RESP   1449 
     21766080     RESP   1445  PULS_TRIGGER
     21766088     RESP   1460 
     21766096     RESP   1454 
     21766104     RESP   1458 
     21766112     RESP   1460 
     21766120     RESP   1463 
     21766128     RESP   1465 
     21766136     RESP   1472 
     21766144     RESP   1472 
     21766152     RESP   1490 
     21766160     RESP   1485 
     21766168     RESP   1499 
     21766176     RESP   1496 
     21766184     RESP   1490 
     21766192     RESP   1499 
     21766200     RESP   1505 
     21766208     RESP   1521 
     21766216     RESP   1526 
     21766224     RESP   1532 
     21766232     RESP   1526 
     21766240     RESP   1537 
     21766248     RESP   1546 
     21766256     RESP   1550 
     21766264     RESP   1553 
     21766272     RESP   1548 
     21766280     RESP   1562 
     21766288     RESP   1573 
     21766296     RESP   1564 
     21766304     RESP   1575 
     21766312     RESP   1575 
     21766320     RESP   1582 
     21766328     RESP   1582 
     21766336     RESP   1580 
     21766344     RESP   1591 
     21766352     RESP   1598 
     21766360     RESP   1600 
     21766368     RESP   1602 
     21766376     RESP   1611 
     21766384     RESP   1625 
     21766392     RESP   1625 
     21766400     RESP   1625 
     21766408     RESP   1609 
     21766416     RESP   1595 
     21766424     RESP   1573 
     21766432     RESP   1577 
     21766440     RESP   1571 
     21766448     RESP   1575 
     21766456     RESP   1582 
     21766464     RESP   1591 
     21766472     RESP   1607 
     21766480     RESP   1611 
     21766488     RESP   1627 
     21766496     RESP   1625 
     21766504     RESP   1643 
     21766512     RESP   1654 
     21766520     RESP   1665 
     21766528     RESP   1670 
     21766536     RESP   1667 
     21766544     RESP   1690 
     21766552     RESP   1690 
     21766560     RESP   1721 
     21766568     RESP   1735 
     21766576     RESP   1757 
     21766584     RESP   1778 
     21766592     RESP   1802 
     21766600     RESP   1834 
     21766608     RESP   1845 
     21766616     RESP   1877 
     21766624     RESP   1892 
     21766632     RESP   1924 
     21766640     RESP   1946 
     21766648     RESP   1971 
     21766656     RESP   1991 
     21766664     RESP   2018 
     21766672     RESP   2043 
     21766680     RESP   2077 
     21766688     RESP   2106 
